<?xml version="1.0" encoding="UTF-8"?>
<robot generator="Robot 6.0.2 (Python 3.8.0 on win32)" generated="20230209 15:09:37.280" rpa="false" schemaversion="3">
<suite id="s1" name="Input &amp; Test">
<suite id="s1-s1" name="Input" source="C:\Users\pd1061\PycharmProjects\robot_framework\com.arris.automation\input.robot">
<test id="s1-s1-t1" name="InputTest" line="11">
<kw name="GoogleLandingPage">
<kw name="Open Browser" library="SeleniumLibrary">
<arg>${url}</arg>
<arg>${browser}</arg>
<arg>headlesschrome</arg>
<doc>Opens a new browser instance to the optional ``url``.</doc>
<msg timestamp="20230209 15:09:37.494" level="INFO">Opening browser 'headlesschrome' to base url 'https://www.google.com/'.</msg>
<status status="PASS" starttime="20230209 15:09:37.493" endtime="20230209 15:09:41.254"/>
</kw>
<kw name="Maximize Browser Window" library="SeleniumLibrary">
<doc>Maximizes current browser window.</doc>
<status status="PASS" starttime="20230209 15:09:41.256" endtime="20230209 15:09:41.381"/>
</kw>
<kw name="Sleep" library="BuiltIn">
<arg>5</arg>
<doc>Pauses the test executed for the given time.</doc>
<msg timestamp="20230209 15:09:46.387" level="INFO">Slept 5 seconds</msg>
<status status="PASS" starttime="20230209 15:09:41.382" endtime="20230209 15:09:46.388"/>
</kw>
<status status="PASS" starttime="20230209 15:09:37.493" endtime="20230209 15:09:46.388"/>
</kw>
<kw name="Input Text" library="SeleniumLibrary">
<arg>${input_filed_search}</arg>
<arg>facebook</arg>
<doc>Types the given ``text`` into the text field identified by ``locator``.</doc>
<msg timestamp="20230209 15:09:46.388" level="INFO">Typing text 'facebook' into text field 'xpath:/html/body/div[1]/div[3]/form/div[1]/div[1]/div[1]/div/div[2]/input'.</msg>
<status status="PASS" starttime="20230209 15:09:46.388" endtime="20230209 15:09:46.592"/>
</kw>
<kw name="Sleep" library="BuiltIn">
<arg>2</arg>
<doc>Pauses the test executed for the given time.</doc>
<msg timestamp="20230209 15:09:48.598" level="INFO">Slept 2 seconds</msg>
<status status="PASS" starttime="20230209 15:09:46.592" endtime="20230209 15:09:48.598"/>
</kw>
<kw name="Press Keys" library="SeleniumLibrary">
<arg>${input_filed_search}</arg>
<arg>ENTER</arg>
<doc>Simulates the user pressing key(s) to an element or on the active browser.</doc>
<msg timestamp="20230209 15:09:48.601" level="INFO">Sending key(s) ('ENTER',) to xpath:/html/body/div[1]/div[3]/form/div[1]/div[1]/div[1]/div/div[2]/input element.</msg>
<msg timestamp="20230209 15:09:49.610" level="INFO">Pressing special key ENTER to element.</msg>
<msg timestamp="20230209 15:09:49.610" level="INFO">Releasing special key ENTER.</msg>
<status status="PASS" starttime="20230209 15:09:48.598" endtime="20230209 15:09:52.072"/>
</kw>
<kw name="Sleep" library="BuiltIn">
<arg>5</arg>
<doc>Pauses the test executed for the given time.</doc>
<msg timestamp="20230209 15:09:57.075" level="INFO">Slept 5 seconds</msg>
<status status="PASS" starttime="20230209 15:09:52.072" endtime="20230209 15:09:57.075"/>
</kw>
<kw name="Clear Element Text" library="SeleniumLibrary">
<arg>${child_input_field_search}</arg>
<doc>Clears the value of the text-input-element identified by ``locator``.</doc>
<status status="PASS" starttime="20230209 15:09:57.076" endtime="20230209 15:09:57.202"/>
</kw>
<kw name="Sleep" library="BuiltIn">
<arg>5</arg>
<doc>Pauses the test executed for the given time.</doc>
<msg timestamp="20230209 15:10:02.202" level="INFO">Slept 5 seconds</msg>
<status status="PASS" starttime="20230209 15:09:57.202" endtime="20230209 15:10:02.203"/>
</kw>
<kw name="Input Text" library="SeleniumLibrary">
<arg>${child_input_field_search}</arg>
<arg>IFBB</arg>
<doc>Types the given ``text`` into the text field identified by ``locator``.</doc>
<msg timestamp="20230209 15:10:02.204" level="INFO">Typing text 'IFBB' into text field 'xpath://*[@id="tsf"]/div[1]/div[1]/div[2]/div/div[2]/input'.</msg>
<status status="PASS" starttime="20230209 15:10:02.203" endtime="20230209 15:10:02.343"/>
</kw>
<kw name="Sleep" library="BuiltIn">
<arg>5</arg>
<doc>Pauses the test executed for the given time.</doc>
<msg timestamp="20230209 15:10:07.352" level="INFO">Slept 5 seconds</msg>
<status status="PASS" starttime="20230209 15:10:02.343" endtime="20230209 15:10:07.352"/>
</kw>
<kw name="Press Keys" library="SeleniumLibrary">
<arg>${child_input_field_search}</arg>
<arg>ENTER</arg>
<doc>Simulates the user pressing key(s) to an element or on the active browser.</doc>
<msg timestamp="20230209 15:10:07.354" level="INFO">Sending key(s) ('ENTER',) to xpath://*[@id="tsf"]/div[1]/div[1]/div[2]/div/div[2]/input element.</msg>
<msg timestamp="20230209 15:10:07.677" level="INFO">Pressing special key ENTER to element.</msg>
<msg timestamp="20230209 15:10:07.678" level="INFO">Releasing special key ENTER.</msg>
<status status="PASS" starttime="20230209 15:10:07.353" endtime="20230209 15:10:10.615"/>
</kw>
<kw name="Sleep" library="BuiltIn">
<arg>10</arg>
<doc>Pauses the test executed for the given time.</doc>
<msg timestamp="20230209 15:10:20.626" level="INFO">Slept 10 seconds</msg>
<status status="PASS" starttime="20230209 15:10:10.616" endtime="20230209 15:10:20.626"/>
</kw>
<kw name="Close Window" library="SeleniumLibrary">
<doc>Closes currently opened and selected browser window/tab.</doc>
<status status="PASS" starttime="20230209 15:10:20.627" endtime="20230209 15:10:20.700"/>
</kw>
<status status="PASS" starttime="20230209 15:09:37.490" endtime="20230209 15:10:20.700"/>
</test>
<status status="PASS" starttime="20230209 15:09:37.306" endtime="20230209 15:10:20.701"/>
</suite>
<suite id="s1-s2" name="Test" source="C:\Users\pd1061\PycharmProjects\robot_framework\com.arris.automation\test.robot">
<test id="s1-s2-t1" name="FirstTestCase" line="11">
<kw name="GoogleLandingPage">
<kw name="Open Browser" library="SeleniumLibrary">
<arg>${url}</arg>
<arg>${browser}</arg>
<doc>Opens a new browser instance to the optional ``url``.</doc>
<msg timestamp="20230209 15:10:20.717" level="INFO">Opening browser 'headlesschrome' to base url 'https://www.google.com/'.</msg>
<status status="PASS" starttime="20230209 15:10:20.714" endtime="20230209 15:10:24.102"/>
</kw>
<kw name="Maximize Browser Window" library="SeleniumLibrary">
<doc>Maximizes current browser window.</doc>
<status status="PASS" starttime="20230209 15:10:24.103" endtime="20230209 15:10:24.224"/>
</kw>
<kw name="Sleep" library="BuiltIn">
<arg>10</arg>
<doc>Pauses the test executed for the given time.</doc>
<msg timestamp="20230209 15:10:34.226" level="INFO">Slept 10 seconds</msg>
<status status="PASS" starttime="20230209 15:10:24.224" endtime="20230209 15:10:34.226"/>
</kw>
<kw name="Close Browser" library="SeleniumLibrary">
<doc>Closes the current browser.</doc>
<status status="PASS" starttime="20230209 15:10:34.226" endtime="20230209 15:10:36.286"/>
</kw>
<status status="PASS" starttime="20230209 15:10:20.714" endtime="20230209 15:10:36.286"/>
</kw>
<status status="PASS" starttime="20230209 15:10:20.713" endtime="20230209 15:10:36.287"/>
</test>
<status status="PASS" starttime="20230209 15:10:20.704" endtime="20230209 15:10:36.287"/>
</suite>
<status status="PASS" starttime="20230209 15:09:37.287" endtime="20230209 15:10:36.289"/>
</suite>
<statistics>
<total>
<stat pass="2" fail="0" skip="0">All Tests</stat>
</total>
<tag>
</tag>
<suite>
<stat pass="2" fail="0" skip="0" id="s1" name="Input &amp; Test">Input &amp; Test</stat>
<stat pass="1" fail="0" skip="0" id="s1-s1" name="Input">Input &amp; Test.Input</stat>
<stat pass="1" fail="0" skip="0" id="s1-s2" name="Test">Input &amp; Test.Test</stat>
</suite>
</statistics>
<errors>
</errors>
</robot>
